{"level":"info","message":"Server running on port 3001","service":"jelislabible-backend","timestamp":"2025-11-29T02:11:10.489Z"}
{"level":"info","message":"Connected to PostgreSQL database","service":"jelislabible-backend","timestamp":"2025-11-29 02:11:10"}
{"level":"info","message":"PostgreSQL migrations executed successfully","service":"jelislabible-backend","timestamp":"2025-11-29 02:11:10"}
{"level":"info","message":"GET / - ::1","service":"jelislabible-backend","timestamp":"2025-11-29T02:11:18.940Z"}
{"level":"info","message":"GET /favicon.ico - ::1","service":"jelislabible-backend","timestamp":"2025-11-29T02:11:19.183Z"}
{"level":"info","message":"GET /api-docs - ::1","service":"jelislabible-backend","timestamp":"2025-11-29T02:11:39.867Z"}
{"level":"info","message":"GET /api-docs/ - ::1","service":"jelislabible-backend","timestamp":"2025-11-29T02:11:39.899Z"}
{"level":"info","message":"GET /api-docs/swagger-ui.css - ::1","service":"jelislabible-backend","timestamp":"2025-11-29T02:11:39.997Z"}
{"level":"info","message":"GET /api-docs/swagger-ui-bundle.js - ::1","service":"jelislabible-backend","timestamp":"2025-11-29T02:11:40.018Z"}
{"level":"info","message":"GET /api-docs/swagger-ui-standalone-preset.js - ::1","service":"jelislabible-backend","timestamp":"2025-11-29T02:11:40.031Z"}
{"level":"info","message":"GET /api-docs/swagger-ui-init.js - ::1","service":"jelislabible-backend","timestamp":"2025-11-29T02:11:40.047Z"}
{"level":"info","message":"GET /api-docs/favicon-32x32.png - ::1","service":"jelislabible-backend","timestamp":"2025-11-29T02:11:41.098Z"}
{"level":"info","message":"GET / - ::1","service":"jelislabible-backend","timestamp":"2025-11-29T02:12:40.828Z"}
{"level":"info","message":"Server running on port 3001","service":"jelislabible-backend","timestamp":"2025-11-29T02:25:27.585Z"}
{"level":"info","message":"Connected to PostgreSQL database","service":"jelislabible-backend","timestamp":"2025-11-29 02:25:27"}
{"code":"42710","file":"trigger.c","length":148,"level":"error","line":"773","message":"Error executing migration: trigger \"tr_reading_plans_updated_at\" for relation \"reading_plans\" already exists","name":"error","routine":"CreateTriggerFiringOn","service":"jelislabible-backend","severity":"ERROR","stack":"error: trigger \"tr_reading_plans_updated_at\" for relation \"reading_plans\" already exists\n    at /home/serge/Téléchargements/jelismabiblev1.1/backend/node_modules/pg-pool/index.js:45:11\n    at process.processTicksAndRejections (node:internal/process/task_queues:105:5)","timestamp":"2025-11-29 02:25:27"}
{"level":"info","message":"Server running on port 3001","service":"jelislabible-backend","timestamp":"2025-11-29T02:33:26.242Z"}
{"level":"info","message":"Connected to PostgreSQL database","service":"jelislabible-backend","timestamp":"2025-11-29 02:33:26"}
{"code":"42710","file":"trigger.c","length":148,"level":"error","line":"773","message":"Error executing migration: trigger \"tr_reading_plans_updated_at\" for relation \"reading_plans\" already exists","name":"error","routine":"CreateTriggerFiringOn","service":"jelislabible-backend","severity":"ERROR","stack":"error: trigger \"tr_reading_plans_updated_at\" for relation \"reading_plans\" already exists\n    at /home/serge/Téléchargements/jelismabiblev1.1/backend/node_modules/pg-pool/index.js:45:11\n    at process.processTicksAndRejections (node:internal/process/task_queues:105:5)","timestamp":"2025-11-29 02:33:26"}
{"level":"info","message":"Server running on port 3001","service":"jelislabible-backend","timestamp":"2025-11-29T02:33:59.326Z"}
{"level":"info","message":"Connected to PostgreSQL database","service":"jelislabible-backend","timestamp":"2025-11-29 02:33:59"}
{"code":"42710","file":"trigger.c","length":148,"level":"error","line":"773","message":"Error executing migration: trigger \"tr_reading_plans_updated_at\" for relation \"reading_plans\" already exists","name":"error","routine":"CreateTriggerFiringOn","service":"jelislabible-backend","severity":"ERROR","stack":"error: trigger \"tr_reading_plans_updated_at\" for relation \"reading_plans\" already exists\n    at /home/serge/Téléchargements/jelismabiblev1.1/backend/node_modules/pg-pool/index.js:45:11\n    at process.processTicksAndRejections (node:internal/process/task_queues:105:5)","timestamp":"2025-11-29 02:33:59"}
{"level":"info","message":"Server running on port 3001","service":"jelislabible-backend","timestamp":"2025-11-29T02:41:25.128Z"}
{"level":"info","message":"Connected to PostgreSQL database","service":"jelislabible-backend","timestamp":"2025-11-29 02:41:25"}
{"code":"42710","file":"trigger.c","length":148,"level":"error","line":"773","message":"Error executing migration: trigger \"tr_reading_plans_updated_at\" for relation \"reading_plans\" already exists","name":"error","routine":"CreateTriggerFiringOn","service":"jelislabible-backend","severity":"ERROR","stack":"error: trigger \"tr_reading_plans_updated_at\" for relation \"reading_plans\" already exists\n    at /home/serge/Téléchargements/jelismabiblev1.1/backend/node_modules/pg-pool/index.js:45:11\n    at process.processTicksAndRejections (node:internal/process/task_queues:105:5)","timestamp":"2025-11-29 02:41:25"}
{"level":"info","message":"Server running on port 3001","service":"jelislabible-backend","timestamp":"2025-11-30T14:43:35.533Z"}
{"level":"info","message":"Connected to PostgreSQL database","service":"jelislabible-backend","timestamp":"2025-11-30 14:43:35"}
{"code":"42710","file":"trigger.c","length":148,"level":"error","line":"773","message":"Error executing migration: trigger \"tr_reading_plans_updated_at\" for relation \"reading_plans\" already exists","name":"error","routine":"CreateTriggerFiringOn","service":"jelislabible-backend","severity":"ERROR","stack":"error: trigger \"tr_reading_plans_updated_at\" for relation \"reading_plans\" already exists\n    at /home/serge/Téléchargements/jelismabiblev1.1/backend/node_modules/pg-pool/index.js:45:11\n    at process.processTicksAndRejections (node:internal/process/task_queues:105:5)","timestamp":"2025-11-30 14:43:35"}
{"level":"info","message":"Server running on port 3001","service":"jelislabible-backend","timestamp":"2025-11-30T14:55:05.010Z"}
{"level":"info","message":"Connected to PostgreSQL database","service":"jelislabible-backend","timestamp":"2025-11-30 14:55:05"}
{"code":"42710","file":"trigger.c","length":148,"level":"error","line":"773","message":"Error executing migration: trigger \"tr_reading_plans_updated_at\" for relation \"reading_plans\" already exists","name":"error","routine":"CreateTriggerFiringOn","service":"jelislabible-backend","severity":"ERROR","stack":"error: trigger \"tr_reading_plans_updated_at\" for relation \"reading_plans\" already exists\n    at /home/serge/Téléchargements/jelismabiblev1.1/backend/node_modules/pg-pool/index.js:45:11\n    at process.processTicksAndRejections (node:internal/process/task_queues:105:5)","timestamp":"2025-11-30 14:55:05"}
{"level":"info","message":"Server running on port 3001","service":"jelislabible-backend","timestamp":"2025-11-30T15:23:44.207Z"}
{"level":"info","message":"Connected to PostgreSQL database","service":"jelislabible-backend","timestamp":"2025-11-30 15:23:44"}
{"code":"42601","file":"scan.l","length":92,"level":"error","line":"1188","message":"Error executing migration: syntax error at or near \"..\"","name":"error","position":"675","routine":"scanner_yyerror","service":"jelislabible-backend","severity":"ERROR","stack":"error: syntax error at or near \"..\"\n    at /home/serge/Téléchargements/jelismabiblev1.1/backend/node_modules/pg-pool/index.js:45:11\n    at process.processTicksAndRejections (node:internal/process/task_queues:105:5)","timestamp":"2025-11-30 15:23:44"}
{"level":"info","message":"Server running on port 3001","service":"jelislabible-backend","timestamp":"2025-11-30T15:31:32.234Z"}
{"level":"info","message":"Connected to PostgreSQL database","service":"jelislabible-backend","timestamp":"2025-11-30 15:31:32"}
{"level":"info","message":"PostgreSQL migrations executed successfully","service":"jelislabible-backend","timestamp":"2025-11-30 15:31:32"}
{"level":"info","message":"GET / - ::1","service":"jelislabible-backend","timestamp":"2025-11-30T15:31:36.709Z"}
{"level":"info","message":"GET /favicon.ico - ::1","service":"jelislabible-backend","timestamp":"2025-11-30T15:31:36.754Z"}
{"level":"info","message":"GET /api-docs/ - ::1","service":"jelislabible-backend","timestamp":"2025-11-30T15:31:44.844Z"}
{"level":"info","message":"GET /api-docs/swagger-ui.css - ::1","service":"jelislabible-backend","timestamp":"2025-11-30T15:31:44.874Z"}
{"level":"info","message":"GET /api-docs/swagger-ui-bundle.js - ::1","service":"jelislabible-backend","timestamp":"2025-11-30T15:31:44.876Z"}
{"level":"info","message":"GET /api-docs/swagger-ui-standalone-preset.js - ::1","service":"jelislabible-backend","timestamp":"2025-11-30T15:31:44.879Z"}
{"level":"info","message":"GET /api-docs/swagger-ui-init.js - ::1","service":"jelislabible-backend","timestamp":"2025-11-30T15:31:44.881Z"}
{"level":"info","message":"GET /api-docs/favicon-32x32.png - ::1","service":"jelislabible-backend","timestamp":"2025-11-30T15:31:44.970Z"}
{"level":"info","message":"Server running on port 3001","service":"jelislabible-backend","timestamp":"2025-11-30T15:37:56.056Z"}
{"level":"info","message":"Connected to PostgreSQL database","service":"jelislabible-backend","timestamp":"2025-11-30 15:37:56"}
{"level":"info","message":"PostgreSQL migrations executed successfully","service":"jelislabible-backend","timestamp":"2025-11-30 15:37:56"}
{"level":"info","message":"SIGINT received, shutting down gracefully","service":"jelislabible-backend","timestamp":"2025-11-30T15:39:53.759Z"}
{"level":"info","message":"Server running on port 3001","service":"jelislabible-backend","timestamp":"2025-11-30T15:39:56.287Z"}
{"level":"info","message":"Connected to PostgreSQL database","service":"jelislabible-backend","timestamp":"2025-11-30 15:39:56"}
{"level":"info","message":"PostgreSQL migrations executed successfully","service":"jelislabible-backend","timestamp":"2025-11-30 15:39:56"}
{"level":"info","message":"GET / - ::1","service":"jelislabible-backend","timestamp":"2025-11-30T15:40:03.843Z"}
{"level":"info","message":"GET /api-docs/ - ::1","service":"jelislabible-backend","timestamp":"2025-11-30T15:40:14.712Z"}
{"level":"info","message":"GET /api-docs/swagger-ui.css - ::1","service":"jelislabible-backend","timestamp":"2025-11-30T15:40:14.745Z"}
{"level":"info","message":"GET /api-docs/swagger-ui-bundle.js - ::1","service":"jelislabible-backend","timestamp":"2025-11-30T15:40:14.749Z"}
{"level":"info","message":"GET /api-docs/swagger-ui-standalone-preset.js - ::1","service":"jelislabible-backend","timestamp":"2025-11-30T15:40:14.757Z"}
{"level":"info","message":"GET /api-docs/swagger-ui-init.js - ::1","service":"jelislabible-backend","timestamp":"2025-11-30T15:40:14.766Z"}
{"level":"info","message":"Server running on port 3001","service":"jelislabible-backend","timestamp":"2025-11-30T15:44:59.478Z"}
{"level":"info","message":"Connected to PostgreSQL database","service":"jelislabible-backend","timestamp":"2025-11-30 15:44:59"}
{"level":"info","message":"PostgreSQL migrations executed successfully","service":"jelislabible-backend","timestamp":"2025-11-30 15:44:59"}
{"level":"info","message":"GET / - ::1","service":"jelislabible-backend","timestamp":"2025-11-30T15:45:03.886Z"}
{"level":"info","message":"GET /api-docs/ - ::1","service":"jelislabible-backend","timestamp":"2025-11-30T15:45:13.554Z"}
{"level":"info","message":"GET /api-docs/swagger-ui.css - ::1","service":"jelislabible-backend","timestamp":"2025-11-30T15:45:13.572Z"}
{"level":"info","message":"GET /api-docs/swagger-ui-bundle.js - ::1","service":"jelislabible-backend","timestamp":"2025-11-30T15:45:13.574Z"}
{"level":"info","message":"GET /api-docs/swagger-ui-standalone-preset.js - ::1","service":"jelislabible-backend","timestamp":"2025-11-30T15:45:13.578Z"}
{"level":"info","message":"GET /api-docs/swagger-ui-init.js - ::1","service":"jelislabible-backend","timestamp":"2025-11-30T15:45:13.580Z"}
{"level":"info","message":"GET /api-docs/favicon-32x32.png - ::1","service":"jelislabible-backend","timestamp":"2025-11-30T15:45:13.823Z"}
{"level":"info","message":"Server running on port 3001","service":"jelislabible-backend","timestamp":"2025-11-30T15:48:41.243Z"}
{"level":"info","message":"Connected to PostgreSQL database","service":"jelislabible-backend","timestamp":"2025-11-30 15:48:41"}
{"level":"info","message":"PostgreSQL migrations executed successfully","service":"jelislabible-backend","timestamp":"2025-11-30 15:48:41"}
{"level":"info","message":"Server running on port 3001","service":"jelislabible-backend","timestamp":"2025-11-30T15:50:59.611Z"}
{"level":"info","message":"Connected to PostgreSQL database","service":"jelislabible-backend","timestamp":"2025-11-30 15:50:59"}
{"level":"info","message":"PostgreSQL migrations executed successfully","service":"jelislabible-backend","timestamp":"2025-11-30 15:50:59"}
{"level":"info","message":"Server running on port 3001","service":"jelislabible-backend","timestamp":"2025-11-30T15:51:35.992Z"}
{"level":"info","message":"Connected to PostgreSQL database","service":"jelislabible-backend","timestamp":"2025-11-30 15:51:36"}
{"level":"info","message":"PostgreSQL migrations executed successfully","service":"jelislabible-backend","timestamp":"2025-11-30 15:51:36"}
{"level":"info","message":"GET /api-docs/ - ::1","service":"jelislabible-backend","timestamp":"2025-11-30T15:51:38.445Z"}
{"level":"info","message":"GET /api-docs/swagger-ui.css - ::1","service":"jelislabible-backend","timestamp":"2025-11-30T15:51:38.478Z"}
{"level":"info","message":"GET /api-docs/swagger-ui-bundle.js - ::1","service":"jelislabible-backend","timestamp":"2025-11-30T15:51:38.480Z"}
{"level":"info","message":"GET /api-docs/swagger-ui-standalone-preset.js - ::1","service":"jelislabible-backend","timestamp":"2025-11-30T15:51:38.482Z"}
{"level":"info","message":"GET /api-docs/swagger-ui-init.js - ::1","service":"jelislabible-backend","timestamp":"2025-11-30T15:51:38.484Z"}
{"level":"info","message":"GET /api/bible/books - ::1","service":"jelislabible-backend","timestamp":"2025-11-30T15:52:06.299Z"}
{"level":"error","message":"Bible API error for /v1/bibles/[object Object]/books:","service":"jelislabible-backend","timestamp":"2025-11-30 15:52:07"}
{"level":"info","message":"Server running on port 3001","service":"jelislabible-backend","timestamp":"2025-11-30T16:03:26.890Z"}
{"level":"info","message":"Connected to PostgreSQL database","service":"jelislabible-backend","timestamp":"2025-11-30 16:03:26"}
{"level":"info","message":"PostgreSQL migrations executed successfully","service":"jelislabible-backend","timestamp":"2025-11-30 16:03:26"}
{"level":"info","message":"Server running on port 3001","service":"jelislabible-backend","timestamp":"2025-11-30T16:05:45.376Z"}
{"level":"info","message":"Connected to PostgreSQL database","service":"jelislabible-backend","timestamp":"2025-11-30 16:05:45"}
{"level":"info","message":"PostgreSQL migrations executed successfully","service":"jelislabible-backend","timestamp":"2025-11-30 16:05:45"}
{"level":"info","message":"Server running on port 3001","service":"jelislabible-backend","timestamp":"2025-11-30T16:09:05.996Z"}
{"level":"info","message":"Connected to PostgreSQL database","service":"jelislabible-backend","timestamp":"2025-11-30 16:09:06"}
{"level":"info","message":"PostgreSQL migrations executed successfully","service":"jelislabible-backend","timestamp":"2025-11-30 16:09:06"}
{"level":"info","message":"GET / - ::1","service":"jelislabible-backend","timestamp":"2025-11-30T16:09:07.934Z"}
{"level":"info","message":"GET /api-docs/ - ::1","service":"jelislabible-backend","timestamp":"2025-11-30T16:09:19.457Z"}
{"level":"info","message":"GET /api-docs/swagger-ui.css - ::1","service":"jelislabible-backend","timestamp":"2025-11-30T16:09:19.480Z"}
{"level":"info","message":"GET /api-docs/swagger-ui-bundle.js - ::1","service":"jelislabible-backend","timestamp":"2025-11-30T16:09:19.483Z"}
{"level":"info","message":"GET /api-docs/swagger-ui-standalone-preset.js - ::1","service":"jelislabible-backend","timestamp":"2025-11-30T16:09:19.488Z"}
{"level":"info","message":"GET /api-docs/swagger-ui-init.js - ::1","service":"jelislabible-backend","timestamp":"2025-11-30T16:09:19.489Z"}
{"level":"info","message":"GET /api-docs/favicon-32x32.png - ::1","service":"jelislabible-backend","timestamp":"2025-11-30T16:09:19.790Z"}
{"level":"info","message":"GET /bible/translations - ::1","service":"jelislabible-backend","timestamp":"2025-11-30T16:10:03.434Z"}
{"level":"info","message":"GET /bible/books - ::1","service":"jelislabible-backend","timestamp":"2025-11-30T16:10:35.641Z"}
{"level":"info","message":"GET /bible/books - ::1","service":"jelislabible-backend","timestamp":"2025-11-30T16:12:22.885Z"}
{"level":"info","message":"GET /bible/books - ::1","service":"jelislabible-backend","timestamp":"2025-11-30T16:16:30.506Z"}
{"level":"info","message":"Server running on port 3001","service":"jelislabible-backend","timestamp":"2025-11-30T16:33:03.851Z"}
{"level":"info","message":"Connected to PostgreSQL database","service":"jelislabible-backend","timestamp":"2025-11-30 16:33:03"}
{"level":"info","message":"PostgreSQL migrations executed successfully","service":"jelislabible-backend","timestamp":"2025-11-30 16:33:04"}
{"level":"info","message":"Connected to PostgreSQL database","service":"jelislabible-backend","timestamp":"2025-11-30 17:02:20"}
{"level":"info","message":"PostgreSQL migrations executed successfully","service":"jelislabible-backend","timestamp":"2025-11-30 17:02:20"}
{"level":"info","message":"Server running on port 3001","service":"jelislabible-backend","timestamp":"2025-11-30T17:02:51.524Z"}
{"level":"info","message":"Connected to PostgreSQL database","service":"jelislabible-backend","timestamp":"2025-11-30 17:02:51"}
{"level":"info","message":"PostgreSQL migrations executed successfully","service":"jelislabible-backend","timestamp":"2025-11-30 17:02:51"}
{"level":"info","message":"GET / - ::1","service":"jelislabible-backend","timestamp":"2025-11-30T17:03:51.516Z"}
{"level":"info","message":"GET /api-docs/ - ::1","service":"jelislabible-backend","timestamp":"2025-11-30T17:04:08.095Z"}
{"level":"info","message":"GET /api-docs/swagger-ui.css - ::1","service":"jelislabible-backend","timestamp":"2025-11-30T17:04:08.165Z"}
{"level":"info","message":"GET /api-docs/swagger-ui-bundle.js - ::1","service":"jelislabible-backend","timestamp":"2025-11-30T17:04:08.172Z"}
{"level":"info","message":"GET /api-docs/swagger-ui-standalone-preset.js - ::1","service":"jelislabible-backend","timestamp":"2025-11-30T17:04:08.199Z"}
{"level":"info","message":"GET /api-docs/swagger-ui-init.js - ::1","service":"jelislabible-backend","timestamp":"2025-11-30T17:04:08.207Z"}
{"level":"info","message":"GET /api-docs/favicon-32x32.png - ::1","service":"jelislabible-backend","timestamp":"2025-11-30T17:04:09.393Z"}
{"level":"info","message":"GET /api/bible/books - ::1","service":"jelislabible-backend","timestamp":"2025-11-30T17:04:19.548Z"}
{"level":"error","message":"Bible API error for /v1/bibles/[object Object]/books:","service":"jelislabible-backend","timestamp":"2025-11-30 17:04:20"}
{"level":"info","message":"Server running on port 3001","service":"jelislabible-backend","timestamp":"2025-11-30T17:09:00.986Z"}
{"level":"info","message":"Connected to PostgreSQL database","service":"jelislabible-backend","timestamp":"2025-11-30 17:09:01"}
{"level":"info","message":"PostgreSQL migrations executed successfully","service":"jelislabible-backend","timestamp":"2025-11-30 17:09:01"}
{"level":"info","message":"SIGINT received, shutting down gracefully","service":"jelislabible-backend","timestamp":"2025-11-30T17:09:28.923Z"}
{"level":"info","message":"Server running on port 3001","service":"jelislabible-backend","timestamp":"2025-11-30T17:09:34.276Z"}
{"level":"info","message":"Connected to PostgreSQL database","service":"jelislabible-backend","timestamp":"2025-11-30 17:09:34"}
{"level":"info","message":"PostgreSQL migrations executed successfully","service":"jelislabible-backend","timestamp":"2025-11-30 17:09:34"}
{"level":"info","message":"GET /api-docs/ - ::1","service":"jelislabible-backend","timestamp":"2025-11-30T17:10:05.864Z"}
{"level":"info","message":"GET /api-docs/swagger-ui.css - ::1","service":"jelislabible-backend","timestamp":"2025-11-30T17:10:05.971Z"}
{"level":"info","message":"GET /api-docs/swagger-ui-bundle.js - ::1","service":"jelislabible-backend","timestamp":"2025-11-30T17:10:05.981Z"}
{"level":"info","message":"GET /api-docs/swagger-ui-standalone-preset.js - ::1","service":"jelislabible-backend","timestamp":"2025-11-30T17:10:06.000Z"}
{"level":"info","message":"GET /api-docs/swagger-ui-init.js - ::1","service":"jelislabible-backend","timestamp":"2025-11-30T17:10:06.006Z"}
{"level":"info","message":"GET /api/bible/books - ::1","service":"jelislabible-backend","timestamp":"2025-11-30T17:10:22.556Z"}
{"level":"info","message":"API request successful for /v1/bibles/de4e12af7f28f599-02/books","service":"jelislabible-backend","timestamp":"2025-11-30 17:10:25"}
{"level":"info","message":"GET /api/bible/books/Gen/chapters - ::1","service":"jelislabible-backend","timestamp":"2025-11-30T17:14:35.894Z"}
{"level":"info","message":"API request successful for /v1/bibles/de4e12af7f28f599-02/books/Gen/chapters","service":"jelislabible-backend","timestamp":"2025-11-30 17:14:36"}
